  Main.cpp
E:\szkolda\C++\projekty\raycasting\Main.cpp(35,19): warning C4244: "inicjowanie": konwersja z "int" do "float", możliwa utrata danych
E:\szkolda\C++\projekty\raycasting\Main.cpp(36,19): warning C4244: "inicjowanie": konwersja z "int" do "float", możliwa utrata danych
E:\szkolda\C++\projekty\raycasting\Main.cpp(44,18): warning C4244: "inicjowanie": konwersja z "double" do "float", możliwa utrata danych
E:\szkolda\C++\projekty\raycasting\Main.cpp(45,18): warning C4244: "inicjowanie": konwersja z "double" do "float", możliwa utrata danych
E:\szkolda\C++\projekty\raycasting\Main.cpp(113,18): warning C4244: "inicjowanie": konwersja z "double" do "float", możliwa utrata danych
E:\szkolda\C++\projekty\raycasting\Main.cpp(114,18): warning C4244: "inicjowanie": konwersja z "double" do "float", możliwa utrata danych
E:\szkolda\C++\projekty\raycasting\Main.cpp(116,29): warning C4244: "argument": konwersja z "float" do "const unsigned __int64", możliwa utrata danych
E:\szkolda\C++\projekty\raycasting\Main.cpp(117,29): warning C4244: "argument": konwersja z "float" do "const unsigned __int64", możliwa utrata danych
E:\szkolda\C++\projekty\raycasting\Main.cpp(119,41): warning C4244: "argument": konwersja z "float" do "const unsigned __int64", możliwa utrata danych
E:\szkolda\C++\projekty\raycasting\Main.cpp(119,88): warning C4244: "argument": konwersja z "float" do "const unsigned __int64", możliwa utrata danych
E:\szkolda\C++\projekty\raycasting\Main.cpp(121,33): warning C4244: "argument": konwersja z "float" do "const unsigned __int64", możliwa utrata danych
E:\szkolda\C++\projekty\raycasting\Main.cpp(122,33): warning C4244: "argument": konwersja z "float" do "const unsigned __int64", możliwa utrata danych
E:\szkolda\C++\projekty\raycasting\Main.cpp(124,46): warning C4244: "argument": konwersja z "float" do "const unsigned __int64", możliwa utrata danych
E:\szkolda\C++\projekty\raycasting\Main.cpp(124,88): warning C4244: "argument": konwersja z "float" do "const unsigned __int64", możliwa utrata danych
E:\szkolda\C++\projekty\raycasting\Main.cpp(130,56): warning C4244: "argument": konwersja z "float" do "const unsigned __int64", możliwa utrata danych
E:\szkolda\C++\projekty\raycasting\Main.cpp(130,80): warning C4244: "argument": konwersja z "float" do "const unsigned __int64", możliwa utrata danych
E:\szkolda\C++\projekty\raycasting\Main.cpp(131,56): warning C4244: "argument": konwersja z "float" do "const unsigned __int64", możliwa utrata danych
E:\szkolda\C++\projekty\raycasting\Main.cpp(131,80): warning C4244: "argument": konwersja z "float" do "const unsigned __int64", możliwa utrata danych
E:\szkolda\C++\projekty\raycasting\Main.cpp(131,79): warning C4244: "argument": konwersja z "_Ty" do "int", możliwa utrata danych
          with
          [
              _Ty=float
          ]
E:\szkolda\C++\projekty\raycasting\Main.cpp(131,55): warning C4244: "argument": konwersja z "_Ty" do "int", możliwa utrata danych
          with
          [
              _Ty=float
          ]
E:\szkolda\C++\projekty\raycasting\Main.cpp(131,27): warning C4244: "argument": konwersja z "float" do "int", możliwa utrata danych
E:\szkolda\C++\projekty\raycasting\Main.cpp(131,18): warning C4244: "argument": konwersja z "float" do "int", możliwa utrata danych
E:\szkolda\C++\projekty\raycasting\Main.cpp(139,43): warning C4838: konwersja z „int” do „float” wymaga konwersji zawężającej
E:\szkolda\C++\projekty\raycasting\Main.cpp(139,43): warning C4244: "inicjowanie": konwersja z "int" do "float", możliwa utrata danych
E:\szkolda\C++\projekty\raycasting\Main.cpp(139,64): warning C4838: konwersja z „int” do „float” wymaga konwersji zawężającej
E:\szkolda\C++\projekty\raycasting\Main.cpp(139,64): warning C4244: "inicjowanie": konwersja z "int" do "float", możliwa utrata danych
E:\szkolda\C++\projekty\raycasting\Main.cpp(140,55): warning C4838: konwersja z „int” do „float” wymaga konwersji zawężającej
E:\szkolda\C++\projekty\raycasting\Main.cpp(140,55): warning C4244: "inicjowanie": konwersja z "int" do "float", możliwa utrata danych
E:\szkolda\C++\projekty\raycasting\Main.cpp(140,76): warning C4838: konwersja z „int” do „float” wymaga konwersji zawężającej
E:\szkolda\C++\projekty\raycasting\Main.cpp(140,76): warning C4244: "inicjowanie": konwersja z "int" do "float", możliwa utrata danych
E:\szkolda\C++\projekty\raycasting\Main.cpp(142,55): warning C4244: "argument": konwersja z "double" do "float", możliwa utrata danych
  raycasting.vcxproj -> E:\szkolda\C++\projekty\raycasting\x64\Debug\raycasting.exe
